<?xml version="1.0" encoding="UTF-8"?>
<testsuite name="com.github.kongpf8848.rx.math.operators.OperatorMinMaxTest" tests="16" skipped="0" failures="0" errors="0" timestamp="2018-03-13T00:51:25" hostname="LAPTOP-SDNKLT73" time="0.077">
  <properties/>
  <testcase name="testMinByWithEmpty" classname="com.github.kongpf8848.rx.math.operators.OperatorMinMaxTest" time="0.054"/>
  <testcase name="testMax" classname="com.github.kongpf8848.rx.math.operators.OperatorMinMaxTest" time="0.003"/>
  <testcase name="testMin" classname="com.github.kongpf8848.rx.math.operators.OperatorMinMaxTest" time="0.001"/>
  <testcase name="testMaxBy" classname="com.github.kongpf8848.rx.math.operators.OperatorMinMaxTest" time="0.002"/>
  <testcase name="testMinBy" classname="com.github.kongpf8848.rx.math.operators.OperatorMinMaxTest" time="0.001"/>
  <testcase name="testMinWithComparator" classname="com.github.kongpf8848.rx.math.operators.OperatorMinMaxTest" time="0.002"/>
  <testcase name="testMinByWithComparator" classname="com.github.kongpf8848.rx.math.operators.OperatorMinMaxTest" time="0.002"/>
  <testcase name="testMaxByWithComparator" classname="com.github.kongpf8848.rx.math.operators.OperatorMinMaxTest" time="0.002"/>
  <testcase name="testMaxWithEmpty" classname="com.github.kongpf8848.rx.math.operators.OperatorMinMaxTest" time="0.001"/>
  <testcase name="testMinWithEmpty" classname="com.github.kongpf8848.rx.math.operators.OperatorMinMaxTest" time="0.001"/>
  <testcase name="testMaxWithComparator" classname="com.github.kongpf8848.rx.math.operators.OperatorMinMaxTest" time="0.001"/>
  <testcase name="testMinByWithComparatorAndEmpty" classname="com.github.kongpf8848.rx.math.operators.OperatorMinMaxTest" time="0.001"/>
  <testcase name="testMaxByWithEmpty" classname="com.github.kongpf8848.rx.math.operators.OperatorMinMaxTest" time="0.001"/>
  <testcase name="testMinWithComparatorAndEmpty" classname="com.github.kongpf8848.rx.math.operators.OperatorMinMaxTest" time="0.001"/>
  <testcase name="testMaxWithComparatorAndEmpty" classname="com.github.kongpf8848.rx.math.operators.OperatorMinMaxTest" time="0.001"/>
  <testcase name="testMaxByWithComparatorAndEmpty" classname="com.github.kongpf8848.rx.math.operators.OperatorMinMaxTest" time="0.001"/>
  <system-out><![CDATA[]]></system-out>
  <system-err><![CDATA[]]></system-err>
</testsuite>
